TN:
SF:config.js
FNF:0
FNH:0
DA:1,5
DA:2,5
DA:3,5
DA:5,5
DA:6,5
DA:8,5
DA:17,5
LF:7
LH:7
BRF:0
BRH:0
end_of_record
TN:
SF:blockchain\block.js
FN:6,(anonymous_0)
FN:15,(anonymous_1)
FN:19,(anonymous_2)
FN:41,(anonymous_3)
FNF:4
FNH:4
FNDA:106,(anonymous_0)
FNDA:61,(anonymous_1)
FNDA:43,(anonymous_2)
FNDA:368,(anonymous_3)
DA:1,4
DA:2,4
DA:3,4
DA:7,106
DA:8,106
DA:9,106
DA:10,106
DA:11,106
DA:12,106
DA:16,61
DA:21,43
DA:22,43
DA:23,43
DA:24,43
DA:25,365
DA:26,365
DA:27,365
DA:28,365
DA:31,43
DA:42,368
DA:43,368
DA:44,367
DA:45,297
DA:49,4
LF:24
LH:24
BRDA:43,0,0,1
BRDA:43,0,1,367
BRDA:44,1,0,70
BRDA:44,1,1,297
BRF:4
BRH:4
end_of_record
TN:
SF:blockchain\index.js
FN:8,(anonymous_0)
FN:12,(anonymous_1)
FN:19,(anonymous_2)
FN:39,(anonymous_3)
FN:57,(anonymous_4)
FNF:5
FNH:5
FNDA:48,(anonymous_0)
FNDA:42,(anonymous_1)
FNDA:10,(anonymous_2)
FNDA:7,(anonymous_3)
FNDA:6,(anonymous_4)
DA:1,3
DA:2,3
DA:3,3
DA:4,3
DA:5,3
DA:9,48
DA:13,42
DA:16,42
DA:20,10
DA:21,1
DA:24,9
DA:25,22
DA:26,22
DA:27,22
DA:29,22
DA:31,22
DA:32,21
DA:33,20
DA:36,4
DA:40,7
DA:41,2
DA:42,2
DA:44,5
DA:45,2
DA:46,2
DA:48,3
DA:49,1
DA:50,1
DA:52,2
DA:53,2
DA:54,2
DA:58,6
DA:59,6
DA:60,6
DA:61,6
DA:63,6
DA:64,11
DA:65,4
DA:66,4
DA:67,1
DA:68,1
DA:70,3
DA:71,1
DA:72,1
DA:75,7
DA:76,1
DA:77,1
DA:79,6
DA:84,6
DA:85,1
DA:86,1
DA:88,5
DA:89,1
DA:90,1
DA:92,4
DA:98,1
DA:102,3
LF:57
LH:57
BRDA:20,0,0,1
BRDA:20,0,1,9
BRDA:31,1,0,1
BRDA:31,1,1,21
BRDA:32,2,0,1
BRDA:32,2,1,20
BRDA:33,3,0,3
BRDA:33,3,1,17
BRDA:40,4,0,2
BRDA:40,4,1,5
BRDA:44,5,0,2
BRDA:44,5,1,3
BRDA:48,6,0,1
BRDA:48,6,1,2
BRDA:48,7,0,3
BRDA:48,7,1,1
BRDA:52,8,0,0
BRDA:52,8,1,2
BRDA:64,9,0,4
BRDA:64,9,1,7
BRDA:66,10,0,1
BRDA:66,10,1,3
BRDA:70,11,0,1
BRDA:70,11,1,2
BRDA:75,12,0,1
BRDA:75,12,1,6
BRDA:84,13,0,1
BRDA:84,13,1,5
BRDA:88,14,0,1
BRDA:88,14,1,4
BRF:30
BRH:29
end_of_record
TN:
SF:util\crypto-hash.js
FN:3,(anonymous_0)
FN:5,(anonymous_1)
FNF:2
FNH:2
FNDA:506,(anonymous_0)
FNDA:2058,(anonymous_1)
DA:1,6
DA:3,6
DA:4,506
DA:5,2058
DA:6,506
DA:10,6
LF:6
LH:6
BRF:0
BRH:0
end_of_record
TN:
SF:util\index.js
FN:6,(anonymous_0)
FNF:1
FNH:1
FNDA:23,(anonymous_0)
DA:1,5
DA:2,5
DA:4,5
DA:6,5
DA:7,23
DA:8,23
DA:11,5
LF:7
LH:7
BRF:0
BRH:0
end_of_record
TN:
SF:wallet\index.js
FN:7,(anonymous_0)
FN:13,(anonymous_1)
FN:17,(anonymous_2)
FN:29,(anonymous_3)
FNF:4
FNH:4
FNDA:69,(anonymous_0)
FNDA:91,(anonymous_1)
FNDA:27,(anonymous_2)
FNDA:10,(anonymous_3)
DA:1,4
DA:2,4
DA:3,4
DA:8,69
DA:9,69
DA:10,69
DA:14,91
DA:18,27
DA:19,1
DA:23,27
DA:24,1
DA:26,26
DA:30,10
DA:31,10
DA:33,10
DA:34,4
DA:36,4
DA:37,6
DA:38,2
DA:40,6
DA:41,6
DA:42,6
DA:46,4
DA:47,2
DA:51,10
DA:55,4
LF:26
LH:26
BRDA:18,0,0,1
BRDA:18,0,1,26
BRDA:23,1,0,1
BRDA:23,1,1,26
BRDA:37,2,0,2
BRDA:37,2,1,4
BRDA:41,3,0,6
BRDA:41,3,1,0
BRDA:46,4,0,2
BRDA:46,4,1,2
BRDA:51,5,0,2
BRDA:51,5,1,8
BRF:12
BRH:11
end_of_record
TN:
SF:wallet\transaction-pool.js
FN:4,(anonymous_0)
FN:8,(anonymous_1)
FN:12,(anonymous_2)
FN:14,(anonymous_3)
FN:17,(anonymous_4)
FN:21,(anonymous_5)
FN:23,(anonymous_6)
FN:27,(anonymous_7)
FN:31,(anonymous_8)
FNF:9
FNH:8
FNDA:6,(anonymous_0)
FNDA:28,(anonymous_1)
FNDA:1,(anonymous_2)
FNDA:1,(anonymous_3)
FNDA:0,(anonymous_4)
FNDA:2,(anonymous_5)
FNDA:20,(anonymous_6)
FNDA:1,(anonymous_7)
FNDA:1,(anonymous_8)
DA:1,1
DA:5,6
DA:9,28
DA:13,1
DA:14,1
DA:18,0
DA:22,2
DA:23,20
DA:28,1
DA:32,1
DA:33,4
DA:34,4
DA:35,3
DA:36,3
DA:43,1
LF:15
LH:14
BRDA:35,0,0,3
BRDA:35,0,1,0
BRF:2
BRH:1
end_of_record
TN:
SF:wallet\transaction.js
FN:6,(anonymous_0)
FN:12,(anonymous_1)
FN:21,(anonymous_2)
FN:30,(anonymous_3)
FN:45,(anonymous_4)
FN:51,(anonymous_5)
FN:67,(anonymous_6)
FNF:7
FNH:7
FNDA:82,(anonymous_0)
FNDA:73,(anonymous_1)
FNDA:81,(anonymous_2)
FNDA:9,(anonymous_3)
FNDA:30,(anonymous_4)
FNDA:30,(anonymous_5)
FNDA:9,(anonymous_6)
DA:1,4
DA:2,4
DA:3,4
DA:7,82
DA:8,82
DA:9,82
DA:13,73
DA:15,73
DA:16,73
DA:18,73
DA:22,81
DA:31,9
DA:32,1
DA:34,8
DA:35,6
DA:37,2
DA:39,8
DA:42,8
DA:49,30
DA:50,30
DA:51,30
DA:54,30
DA:55,10
DA:56,10
DA:59,20
DA:60,7
DA:61,7
DA:64,13
DA:68,9
DA:75,4
LF:30
LH:30
BRDA:8,0,0,82
BRDA:8,0,1,73
BRDA:9,1,0,82
BRDA:9,1,1,73
BRDA:31,2,0,1
BRDA:31,2,1,8
BRDA:34,3,0,6
BRDA:34,3,1,2
BRDA:54,4,0,10
BRDA:54,4,1,20
BRDA:59,5,0,7
BRDA:59,5,1,13
BRF:12
BRH:12
end_of_record
