{"C:\\Users\\mohamad\\Desktop\\cryptochain\\config.js": {"path":"C:\\Users\\mohamad\\Desktop\\cryptochain\\config.js","statementMap":{"0":{"start":{"line":1,"column":27},"end":{"line":1,"column":28}},"1":{"start":{"line":2,"column":18},"end":{"line":2,"column":22}},"2":{"start":{"line":3,"column":25},"end":{"line":3,"column":29}},"3":{"start":{"line":5,"column":21},"end":{"line":5,"column":53}},"4":{"start":{"line":6,"column":22},"end":{"line":6,"column":24}},"5":{"start":{"line":8,"column":21},"end":{"line":15,"column":1}},"6":{"start":{"line":17,"column":0},"end":{"line":17,"column":89}}},"fnMap":{},"branchMap":{},"s":{"0":5,"1":5,"2":5,"3":5,"4":5,"5":5,"6":5},"f":{},"b":{},"_coverageSchema":"1a1c01bbd47fc00a2c39e90264f33305004495a9","hash":"f488a584c4a5da5746743d8db4e137cdbb7abe0c"}
,"C:\\Users\\mohamad\\Desktop\\cryptochain\\blockchain\\block.js": {"path":"C:\\Users\\mohamad\\Desktop\\cryptochain\\blockchain\\block.js","statementMap":{"0":{"start":{"line":1,"column":34},"end":{"line":1,"column":56}},"1":{"start":{"line":2,"column":21},"end":{"line":2,"column":41}},"2":{"start":{"line":3,"column":20},"end":{"line":3,"column":44}},"3":{"start":{"line":7,"column":4},"end":{"line":7,"column":31}},"4":{"start":{"line":8,"column":4},"end":{"line":8,"column":29}},"5":{"start":{"line":9,"column":4},"end":{"line":9,"column":21}},"6":{"start":{"line":10,"column":4},"end":{"line":10,"column":21}},"7":{"start":{"line":11,"column":4},"end":{"line":11,"column":33}},"8":{"start":{"line":12,"column":4},"end":{"line":12,"column":23}},"9":{"start":{"line":16,"column":4},"end":{"line":16,"column":34}},"10":{"start":{"line":21,"column":21},"end":{"line":21,"column":35}},"11":{"start":{"line":22,"column":23},"end":{"line":22,"column":32}},"12":{"start":{"line":23,"column":16},"end":{"line":23,"column":17}},"13":{"start":{"line":24,"column":4},"end":{"line":29,"column":81}},"14":{"start":{"line":25,"column":6},"end":{"line":25,"column":15}},"15":{"start":{"line":26,"column":6},"end":{"line":26,"column":29}},"16":{"start":{"line":27,"column":6},"end":{"line":27,"column":80}},"17":{"start":{"line":28,"column":6},"end":{"line":28,"column":69}},"18":{"start":{"line":31,"column":4},"end":{"line":38,"column":7}},"19":{"start":{"line":42,"column":25},"end":{"line":42,"column":38}},"20":{"start":{"line":43,"column":4},"end":{"line":43,"column":32}},"21":{"start":{"line":43,"column":23},"end":{"line":43,"column":32}},"22":{"start":{"line":44,"column":4},"end":{"line":44,"column":80}},"23":{"start":{"line":44,"column":58},"end":{"line":44,"column":80}},"24":{"start":{"line":45,"column":4},"end":{"line":45,"column":26}},"25":{"start":{"line":49,"column":0},"end":{"line":49,"column":23}}},"fnMap":{"0":{"name":"(anonymous_0)","decl":{"start":{"line":6,"column":2},"end":{"line":6,"column":3}},"loc":{"start":{"line":6,"column":70},"end":{"line":13,"column":3}},"line":6},"1":{"name":"(anonymous_1)","decl":{"start":{"line":15,"column":2},"end":{"line":15,"column":3}},"loc":{"start":{"line":15,"column":18},"end":{"line":17,"column":3}},"line":15},"2":{"name":"(anonymous_2)","decl":{"start":{"line":19,"column":2},"end":{"line":19,"column":3}},"loc":{"start":{"line":19,"column":37},"end":{"line":39,"column":3}},"line":19},"3":{"name":"(anonymous_3)","decl":{"start":{"line":41,"column":2},"end":{"line":41,"column":3}},"loc":{"start":{"line":41,"column":53},"end":{"line":46,"column":3}},"line":41}},"branchMap":{"0":{"loc":{"start":{"line":43,"column":4},"end":{"line":43,"column":32}},"type":"if","locations":[{"start":{"line":43,"column":4},"end":{"line":43,"column":32}},{"start":{},"end":{}}],"line":43},"1":{"loc":{"start":{"line":44,"column":4},"end":{"line":44,"column":80}},"type":"if","locations":[{"start":{"line":44,"column":4},"end":{"line":44,"column":80}},{"start":{},"end":{}}],"line":44}},"s":{"0":4,"1":4,"2":4,"3":106,"4":106,"5":106,"6":106,"7":106,"8":106,"9":61,"10":43,"11":43,"12":43,"13":43,"14":365,"15":365,"16":365,"17":365,"18":43,"19":368,"20":368,"21":1,"22":367,"23":70,"24":297,"25":4},"f":{"0":106,"1":61,"2":43,"3":368},"b":{"0":[1,367],"1":[70,297]},"_coverageSchema":"1a1c01bbd47fc00a2c39e90264f33305004495a9","hash":"149deb742d167f2e3fb8b2e8ec1566dec4b23029"}
,"C:\\Users\\mohamad\\Desktop\\cryptochain\\blockchain\\index.js": {"path":"C:\\Users\\mohamad\\Desktop\\cryptochain\\blockchain\\index.js","statementMap":{"0":{"start":{"line":1,"column":14},"end":{"line":1,"column":32}},"1":{"start":{"line":2,"column":21},"end":{"line":2,"column":41}},"2":{"start":{"line":3,"column":40},"end":{"line":3,"column":60}},"3":{"start":{"line":4,"column":20},"end":{"line":4,"column":54}},"4":{"start":{"line":5,"column":15},"end":{"line":5,"column":35}},"5":{"start":{"line":9,"column":4},"end":{"line":9,"column":35}},"6":{"start":{"line":13,"column":21},"end":{"line":15,"column":6}},"7":{"start":{"line":16,"column":4},"end":{"line":16,"column":30}},"8":{"start":{"line":20,"column":4},"end":{"line":22,"column":5}},"9":{"start":{"line":21,"column":6},"end":{"line":21,"column":19}},"10":{"start":{"line":24,"column":4},"end":{"line":34,"column":5}},"11":{"start":{"line":24,"column":15},"end":{"line":24,"column":16}},"12":{"start":{"line":25,"column":20},"end":{"line":25,"column":28}},"13":{"start":{"line":26,"column":29},"end":{"line":26,"column":44}},"14":{"start":{"line":27,"column":29},"end":{"line":27,"column":50}},"15":{"start":{"line":29,"column":68},"end":{"line":29,"column":73}},"16":{"start":{"line":31,"column":6},"end":{"line":31,"column":52}},"17":{"start":{"line":31,"column":39},"end":{"line":31,"column":52}},"18":{"start":{"line":32,"column":6},"end":{"line":32,"column":64}},"19":{"start":{"line":32,"column":51},"end":{"line":32,"column":64}},"20":{"start":{"line":33,"column":6},"end":{"line":33,"column":89}},"21":{"start":{"line":33,"column":76},"end":{"line":33,"column":89}},"22":{"start":{"line":36,"column":4},"end":{"line":36,"column":16}},"23":{"start":{"line":40,"column":4},"end":{"line":43,"column":5}},"24":{"start":{"line":41,"column":6},"end":{"line":41,"column":57}},"25":{"start":{"line":42,"column":6},"end":{"line":42,"column":13}},"26":{"start":{"line":44,"column":4},"end":{"line":47,"column":5}},"27":{"start":{"line":45,"column":6},"end":{"line":45,"column":56}},"28":{"start":{"line":46,"column":6},"end":{"line":46,"column":13}},"29":{"start":{"line":48,"column":4},"end":{"line":51,"column":5}},"30":{"start":{"line":49,"column":6},"end":{"line":49,"column":59}},"31":{"start":{"line":50,"column":6},"end":{"line":50,"column":13}},"32":{"start":{"line":52,"column":4},"end":{"line":52,"column":30}},"33":{"start":{"line":52,"column":18},"end":{"line":52,"column":30}},"34":{"start":{"line":53,"column":4},"end":{"line":53,"column":49}},"35":{"start":{"line":54,"column":4},"end":{"line":54,"column":23}},"36":{"start":{"line":58,"column":4},"end":{"line":96,"column":5}},"37":{"start":{"line":58,"column":14},"end":{"line":58,"column":15}},"38":{"start":{"line":59,"column":20},"end":{"line":59,"column":28}},"39":{"start":{"line":60,"column":29},"end":{"line":60,"column":38}},"40":{"start":{"line":61,"column":35},"end":{"line":61,"column":36}},"41":{"start":{"line":63,"column":6},"end":{"line":95,"column":7}},"42":{"start":{"line":64,"column":8},"end":{"line":94,"column":9}},"43":{"start":{"line":65,"column":10},"end":{"line":65,"column":37}},"44":{"start":{"line":66,"column":10},"end":{"line":69,"column":11}},"45":{"start":{"line":67,"column":12},"end":{"line":67,"column":55}},"46":{"start":{"line":68,"column":12},"end":{"line":68,"column":25}},"47":{"start":{"line":70,"column":10},"end":{"line":73,"column":11}},"48":{"start":{"line":71,"column":12},"end":{"line":71,"column":53}},"49":{"start":{"line":72,"column":12},"end":{"line":72,"column":24}},"50":{"start":{"line":75,"column":10},"end":{"line":78,"column":11}},"51":{"start":{"line":76,"column":12},"end":{"line":76,"column":49}},"52":{"start":{"line":77,"column":12},"end":{"line":77,"column":25}},"53":{"start":{"line":79,"column":30},"end":{"line":82,"column":12}},"54":{"start":{"line":84,"column":10},"end":{"line":87,"column":11}},"55":{"start":{"line":85,"column":12},"end":{"line":85,"column":50}},"56":{"start":{"line":86,"column":12},"end":{"line":86,"column":25}},"57":{"start":{"line":88,"column":10},"end":{"line":93,"column":11}},"58":{"start":{"line":89,"column":12},"end":{"line":89,"column":89}},"59":{"start":{"line":90,"column":12},"end":{"line":90,"column":25}},"60":{"start":{"line":92,"column":12},"end":{"line":92,"column":44}},"61":{"start":{"line":98,"column":4},"end":{"line":98,"column":16}},"62":{"start":{"line":102,"column":0},"end":{"line":102,"column":28}}},"fnMap":{"0":{"name":"(anonymous_0)","decl":{"start":{"line":8,"column":2},"end":{"line":8,"column":3}},"loc":{"start":{"line":8,"column":15},"end":{"line":10,"column":3}},"line":8},"1":{"name":"(anonymous_1)","decl":{"start":{"line":12,"column":2},"end":{"line":12,"column":3}},"loc":{"start":{"line":12,"column":18},"end":{"line":17,"column":3}},"line":12},"2":{"name":"(anonymous_2)","decl":{"start":{"line":19,"column":2},"end":{"line":19,"column":3}},"loc":{"start":{"line":19,"column":28},"end":{"line":37,"column":3}},"line":19},"3":{"name":"(anonymous_3)","decl":{"start":{"line":39,"column":2},"end":{"line":39,"column":3}},"loc":{"start":{"line":39,"column":50},"end":{"line":55,"column":3}},"line":39},"4":{"name":"(anonymous_4)","decl":{"start":{"line":57,"column":2},"end":{"line":57,"column":3}},"loc":{"start":{"line":57,"column":31},"end":{"line":99,"column":3}},"line":57}},"branchMap":{"0":{"loc":{"start":{"line":20,"column":4},"end":{"line":22,"column":5}},"type":"if","locations":[{"start":{"line":20,"column":4},"end":{"line":22,"column":5}},{"start":{},"end":{}}],"line":20},"1":{"loc":{"start":{"line":31,"column":6},"end":{"line":31,"column":52}},"type":"if","locations":[{"start":{"line":31,"column":6},"end":{"line":31,"column":52}},{"start":{},"end":{}}],"line":31},"2":{"loc":{"start":{"line":32,"column":6},"end":{"line":32,"column":64}},"type":"if","locations":[{"start":{"line":32,"column":6},"end":{"line":32,"column":64}},{"start":{},"end":{}}],"line":32},"3":{"loc":{"start":{"line":33,"column":6},"end":{"line":33,"column":89}},"type":"if","locations":[{"start":{"line":33,"column":6},"end":{"line":33,"column":89}},{"start":{},"end":{}}],"line":33},"4":{"loc":{"start":{"line":40,"column":4},"end":{"line":43,"column":5}},"type":"if","locations":[{"start":{"line":40,"column":4},"end":{"line":43,"column":5}},{"start":{},"end":{}}],"line":40},"5":{"loc":{"start":{"line":44,"column":4},"end":{"line":47,"column":5}},"type":"if","locations":[{"start":{"line":44,"column":4},"end":{"line":47,"column":5}},{"start":{},"end":{}}],"line":44},"6":{"loc":{"start":{"line":48,"column":4},"end":{"line":51,"column":5}},"type":"if","locations":[{"start":{"line":48,"column":4},"end":{"line":51,"column":5}},{"start":{},"end":{}}],"line":48},"7":{"loc":{"start":{"line":48,"column":7},"end":{"line":48,"column":62}},"type":"binary-expr","locations":[{"start":{"line":48,"column":7},"end":{"line":48,"column":23}},{"start":{"line":48,"column":27},"end":{"line":48,"column":62}}],"line":48},"8":{"loc":{"start":{"line":52,"column":4},"end":{"line":52,"column":30}},"type":"if","locations":[{"start":{"line":52,"column":4},"end":{"line":52,"column":30}},{"start":{},"end":{}}],"line":52},"9":{"loc":{"start":{"line":64,"column":8},"end":{"line":94,"column":9}},"type":"if","locations":[{"start":{"line":64,"column":8},"end":{"line":94,"column":9}},{"start":{"line":74,"column":13},"end":{"line":94,"column":9}}],"line":64},"10":{"loc":{"start":{"line":66,"column":10},"end":{"line":69,"column":11}},"type":"if","locations":[{"start":{"line":66,"column":10},"end":{"line":69,"column":11}},{"start":{},"end":{}}],"line":66},"11":{"loc":{"start":{"line":70,"column":10},"end":{"line":73,"column":11}},"type":"if","locations":[{"start":{"line":70,"column":10},"end":{"line":73,"column":11}},{"start":{},"end":{}}],"line":70},"12":{"loc":{"start":{"line":75,"column":10},"end":{"line":78,"column":11}},"type":"if","locations":[{"start":{"line":75,"column":10},"end":{"line":78,"column":11}},{"start":{},"end":{}}],"line":75},"13":{"loc":{"start":{"line":84,"column":10},"end":{"line":87,"column":11}},"type":"if","locations":[{"start":{"line":84,"column":10},"end":{"line":87,"column":11}},{"start":{},"end":{}}],"line":84},"14":{"loc":{"start":{"line":88,"column":10},"end":{"line":93,"column":11}},"type":"if","locations":[{"start":{"line":88,"column":10},"end":{"line":93,"column":11}},{"start":{"line":91,"column":15},"end":{"line":93,"column":11}}],"line":88}},"s":{"0":3,"1":3,"2":3,"3":3,"4":3,"5":48,"6":42,"7":42,"8":10,"9":1,"10":9,"11":9,"12":22,"13":22,"14":22,"15":22,"16":22,"17":1,"18":21,"19":1,"20":20,"21":3,"22":4,"23":7,"24":2,"25":2,"26":5,"27":2,"28":2,"29":3,"30":1,"31":1,"32":2,"33":0,"34":2,"35":2,"36":6,"37":6,"38":6,"39":6,"40":6,"41":6,"42":11,"43":4,"44":4,"45":1,"46":1,"47":3,"48":1,"49":1,"50":7,"51":1,"52":1,"53":6,"54":6,"55":1,"56":1,"57":5,"58":1,"59":1,"60":4,"61":1,"62":3},"f":{"0":48,"1":42,"2":10,"3":7,"4":6},"b":{"0":[1,9],"1":[1,21],"2":[1,20],"3":[3,17],"4":[2,5],"5":[2,3],"6":[1,2],"7":[3,1],"8":[0,2],"9":[4,7],"10":[1,3],"11":[1,2],"12":[1,6],"13":[1,5],"14":[1,4]},"_coverageSchema":"1a1c01bbd47fc00a2c39e90264f33305004495a9","hash":"bf45afce711498b0c6338c3f8ce60c2381a0fa20"}
,"C:\\Users\\mohamad\\Desktop\\cryptochain\\util\\crypto-hash.js": {"path":"C:\\Users\\mohamad\\Desktop\\cryptochain\\util\\crypto-hash.js","statementMap":{"0":{"start":{"line":1,"column":15},"end":{"line":1,"column":32}},"1":{"start":{"line":3,"column":19},"end":{"line":7,"column":1}},"2":{"start":{"line":4,"column":15},"end":{"line":4,"column":42}},"3":{"start":{"line":5,"column":2},"end":{"line":5,"column":75}},"4":{"start":{"line":5,"column":34},"end":{"line":5,"column":55}},"5":{"start":{"line":6,"column":2},"end":{"line":6,"column":28}},"6":{"start":{"line":10,"column":0},"end":{"line":10,"column":28}}},"fnMap":{"0":{"name":"(anonymous_0)","decl":{"start":{"line":3,"column":19},"end":{"line":3,"column":20}},"loc":{"start":{"line":3,"column":32},"end":{"line":7,"column":1}},"line":3},"1":{"name":"(anonymous_1)","decl":{"start":{"line":5,"column":25},"end":{"line":5,"column":26}},"loc":{"start":{"line":5,"column":34},"end":{"line":5,"column":55}},"line":5}},"branchMap":{},"s":{"0":6,"1":6,"2":506,"3":506,"4":2058,"5":506,"6":6},"f":{"0":506,"1":2058},"b":{},"_coverageSchema":"1a1c01bbd47fc00a2c39e90264f33305004495a9","hash":"49d3505887b0a943ad5ceef38affd0ffeecec2c0"}
,"C:\\Users\\mohamad\\Desktop\\cryptochain\\util\\index.js": {"path":"C:\\Users\\mohamad\\Desktop\\cryptochain\\util\\index.js","statementMap":{"0":{"start":{"line":1,"column":11},"end":{"line":1,"column":33}},"1":{"start":{"line":2,"column":19},"end":{"line":2,"column":43}},"2":{"start":{"line":4,"column":11},"end":{"line":4,"column":30}},"3":{"start":{"line":6,"column":24},"end":{"line":9,"column":1}},"4":{"start":{"line":7,"column":24},"end":{"line":7,"column":58}},"5":{"start":{"line":8,"column":2},"end":{"line":8,"column":59}},"6":{"start":{"line":11,"column":0},"end":{"line":11,"column":51}}},"fnMap":{"0":{"name":"(anonymous_0)","decl":{"start":{"line":6,"column":24},"end":{"line":6,"column":25}},"loc":{"start":{"line":6,"column":56},"end":{"line":9,"column":1}},"line":6}},"branchMap":{},"s":{"0":5,"1":5,"2":5,"3":5,"4":23,"5":23,"6":5},"f":{"0":23},"b":{},"_coverageSchema":"1a1c01bbd47fc00a2c39e90264f33305004495a9","hash":"71ea87c54040e69171f0e789825d1bcf0b06a960"}
,"C:\\Users\\mohamad\\Desktop\\cryptochain\\wallet\\index.js": {"path":"C:\\Users\\mohamad\\Desktop\\cryptochain\\wallet\\index.js","statementMap":{"0":{"start":{"line":1,"column":27},"end":{"line":1,"column":49}},"1":{"start":{"line":2,"column":25},"end":{"line":2,"column":45}},"2":{"start":{"line":3,"column":20},"end":{"line":3,"column":44}},"3":{"start":{"line":8,"column":4},"end":{"line":8,"column":36}},"4":{"start":{"line":9,"column":4},"end":{"line":9,"column":35}},"5":{"start":{"line":10,"column":4},"end":{"line":10,"column":60}},"6":{"start":{"line":14,"column":4},"end":{"line":14,"column":47}},"7":{"start":{"line":18,"column":4},"end":{"line":22,"column":5}},"8":{"start":{"line":19,"column":6},"end":{"line":21,"column":9}},"9":{"start":{"line":23,"column":4},"end":{"line":25,"column":5}},"10":{"start":{"line":24,"column":6},"end":{"line":24,"column":48}},"11":{"start":{"line":26,"column":4},"end":{"line":26,"column":67}},"12":{"start":{"line":30,"column":34},"end":{"line":30,"column":39}},"13":{"start":{"line":31,"column":22},"end":{"line":31,"column":23}},"14":{"start":{"line":33,"column":4},"end":{"line":49,"column":5}},"15":{"start":{"line":33,"column":15},"end":{"line":33,"column":29}},"16":{"start":{"line":34,"column":20},"end":{"line":34,"column":28}},"17":{"start":{"line":36,"column":6},"end":{"line":44,"column":7}},"18":{"start":{"line":37,"column":8},"end":{"line":39,"column":9}},"19":{"start":{"line":38,"column":10},"end":{"line":38,"column":41}},"20":{"start":{"line":40,"column":30},"end":{"line":40,"column":60}},"21":{"start":{"line":41,"column":8},"end":{"line":43,"column":9}},"22":{"start":{"line":42,"column":10},"end":{"line":42,"column":52}},"23":{"start":{"line":46,"column":6},"end":{"line":48,"column":7}},"24":{"start":{"line":47,"column":8},"end":{"line":47,"column":14}},"25":{"start":{"line":51,"column":4},"end":{"line":51,"column":82}},"26":{"start":{"line":55,"column":0},"end":{"line":55,"column":24}}},"fnMap":{"0":{"name":"(anonymous_0)","decl":{"start":{"line":7,"column":2},"end":{"line":7,"column":3}},"loc":{"start":{"line":7,"column":15},"end":{"line":11,"column":3}},"line":7},"1":{"name":"(anonymous_1)","decl":{"start":{"line":13,"column":2},"end":{"line":13,"column":3}},"loc":{"start":{"line":13,"column":12},"end":{"line":15,"column":3}},"line":13},"2":{"name":"(anonymous_2)","decl":{"start":{"line":17,"column":2},"end":{"line":17,"column":3}},"loc":{"start":{"line":17,"column":47},"end":{"line":27,"column":3}},"line":17},"3":{"name":"(anonymous_3)","decl":{"start":{"line":29,"column":2},"end":{"line":29,"column":3}},"loc":{"start":{"line":29,"column":43},"end":{"line":52,"column":3}},"line":29}},"branchMap":{"0":{"loc":{"start":{"line":18,"column":4},"end":{"line":22,"column":5}},"type":"if","locations":[{"start":{"line":18,"column":4},"end":{"line":22,"column":5}},{"start":{},"end":{}}],"line":18},"1":{"loc":{"start":{"line":23,"column":4},"end":{"line":25,"column":5}},"type":"if","locations":[{"start":{"line":23,"column":4},"end":{"line":25,"column":5}},{"start":{},"end":{}}],"line":23},"2":{"loc":{"start":{"line":37,"column":8},"end":{"line":39,"column":9}},"type":"if","locations":[{"start":{"line":37,"column":8},"end":{"line":39,"column":9}},{"start":{},"end":{}}],"line":37},"3":{"loc":{"start":{"line":41,"column":8},"end":{"line":43,"column":9}},"type":"if","locations":[{"start":{"line":41,"column":8},"end":{"line":43,"column":9}},{"start":{},"end":{}}],"line":41},"4":{"loc":{"start":{"line":46,"column":6},"end":{"line":48,"column":7}},"type":"if","locations":[{"start":{"line":46,"column":6},"end":{"line":48,"column":7}},{"start":{},"end":{}}],"line":46},"5":{"loc":{"start":{"line":51,"column":11},"end":{"line":51,"column":81}},"type":"cond-expr","locations":[{"start":{"line":51,"column":37},"end":{"line":51,"column":48}},{"start":{"line":51,"column":51},"end":{"line":51,"column":81}}],"line":51}},"s":{"0":4,"1":4,"2":4,"3":69,"4":69,"5":69,"6":91,"7":27,"8":1,"9":27,"10":1,"11":26,"12":10,"13":10,"14":10,"15":10,"16":4,"17":4,"18":6,"19":2,"20":6,"21":6,"22":6,"23":4,"24":2,"25":10,"26":4},"f":{"0":69,"1":91,"2":27,"3":10},"b":{"0":[1,26],"1":[1,26],"2":[2,4],"3":[6,0],"4":[2,2],"5":[2,8]},"_coverageSchema":"1a1c01bbd47fc00a2c39e90264f33305004495a9","hash":"b41e987fe1ace5303e636210aa78e98855e92784"}
,"C:\\Users\\mohamad\\Desktop\\cryptochain\\wallet\\transaction-pool.js": {"path":"C:\\Users\\mohamad\\Desktop\\cryptochain\\wallet\\transaction-pool.js","statementMap":{"0":{"start":{"line":1,"column":20},"end":{"line":1,"column":44}},"1":{"start":{"line":5,"column":4},"end":{"line":5,"column":29}},"2":{"start":{"line":9,"column":4},"end":{"line":9,"column":54}},"3":{"start":{"line":13,"column":25},"end":{"line":13,"column":59}},"4":{"start":{"line":14,"column":4},"end":{"line":14,"column":88}},"5":{"start":{"line":14,"column":44},"end":{"line":14,"column":86}},"6":{"start":{"line":18,"column":4},"end":{"line":18,"column":42}},"7":{"start":{"line":22,"column":4},"end":{"line":24,"column":6}},"8":{"start":{"line":23,"column":21},"end":{"line":23,"column":62}},"9":{"start":{"line":28,"column":4},"end":{"line":28,"column":29}},"10":{"start":{"line":32,"column":4},"end":{"line":39,"column":5}},"11":{"start":{"line":32,"column":14},"end":{"line":32,"column":15}},"12":{"start":{"line":33,"column":20},"end":{"line":33,"column":28}},"13":{"start":{"line":34,"column":6},"end":{"line":38,"column":7}},"14":{"start":{"line":35,"column":8},"end":{"line":37,"column":9}},"15":{"start":{"line":36,"column":10},"end":{"line":36,"column":52}},"16":{"start":{"line":43,"column":0},"end":{"line":43,"column":33}}},"fnMap":{"0":{"name":"(anonymous_0)","decl":{"start":{"line":4,"column":2},"end":{"line":4,"column":3}},"loc":{"start":{"line":4,"column":15},"end":{"line":6,"column":3}},"line":4},"1":{"name":"(anonymous_1)","decl":{"start":{"line":8,"column":2},"end":{"line":8,"column":3}},"loc":{"start":{"line":8,"column":29},"end":{"line":10,"column":3}},"line":8},"2":{"name":"(anonymous_2)","decl":{"start":{"line":12,"column":2},"end":{"line":12,"column":3}},"loc":{"start":{"line":12,"column":37},"end":{"line":15,"column":3}},"line":12},"3":{"name":"(anonymous_3)","decl":{"start":{"line":14,"column":29},"end":{"line":14,"column":30}},"loc":{"start":{"line":14,"column":44},"end":{"line":14,"column":86}},"line":14},"4":{"name":"(anonymous_4)","decl":{"start":{"line":17,"column":2},"end":{"line":17,"column":3}},"loc":{"start":{"line":17,"column":24},"end":{"line":19,"column":3}},"line":17},"5":{"name":"(anonymous_5)","decl":{"start":{"line":21,"column":2},"end":{"line":21,"column":3}},"loc":{"start":{"line":21,"column":21},"end":{"line":25,"column":3}},"line":21},"6":{"name":"(anonymous_6)","decl":{"start":{"line":23,"column":6},"end":{"line":23,"column":7}},"loc":{"start":{"line":23,"column":21},"end":{"line":23,"column":62}},"line":23},"7":{"name":"(anonymous_7)","decl":{"start":{"line":27,"column":2},"end":{"line":27,"column":3}},"loc":{"start":{"line":27,"column":9},"end":{"line":29,"column":3}},"line":27},"8":{"name":"(anonymous_8)","decl":{"start":{"line":31,"column":2},"end":{"line":31,"column":3}},"loc":{"start":{"line":31,"column":38},"end":{"line":40,"column":3}},"line":31}},"branchMap":{"0":{"loc":{"start":{"line":35,"column":8},"end":{"line":37,"column":9}},"type":"if","locations":[{"start":{"line":35,"column":8},"end":{"line":37,"column":9}},{"start":{},"end":{}}],"line":35}},"s":{"0":1,"1":6,"2":28,"3":1,"4":1,"5":1,"6":0,"7":2,"8":20,"9":1,"10":1,"11":1,"12":4,"13":4,"14":3,"15":3,"16":1},"f":{"0":6,"1":28,"2":1,"3":1,"4":0,"5":2,"6":20,"7":1,"8":1},"b":{"0":[3,0]},"_coverageSchema":"1a1c01bbd47fc00a2c39e90264f33305004495a9","hash":"6da62338d1c4935a1cd8e74d56688401f2436bf7"}
,"C:\\Users\\mohamad\\Desktop\\cryptochain\\wallet\\transaction.js": {"path":"C:\\Users\\mohamad\\Desktop\\cryptochain\\wallet\\transaction.js","statementMap":{"0":{"start":{"line":1,"column":15},"end":{"line":1,"column":30}},"1":{"start":{"line":2,"column":28},"end":{"line":2,"column":48}},"2":{"start":{"line":3,"column":40},"end":{"line":3,"column":60}},"3":{"start":{"line":7,"column":4},"end":{"line":7,"column":19}},"4":{"start":{"line":8,"column":4},"end":{"line":8,"column":92}},"5":{"start":{"line":9,"column":4},"end":{"line":9,"column":88}},"6":{"start":{"line":13,"column":22},"end":{"line":13,"column":24}},"7":{"start":{"line":15,"column":4},"end":{"line":15,"column":34}},"8":{"start":{"line":16,"column":4},"end":{"line":16,"column":70}},"9":{"start":{"line":18,"column":4},"end":{"line":18,"column":21}},"10":{"start":{"line":22,"column":4},"end":{"line":27,"column":6}},"11":{"start":{"line":31,"column":4},"end":{"line":33,"column":5}},"12":{"start":{"line":32,"column":6},"end":{"line":32,"column":48}},"13":{"start":{"line":34,"column":4},"end":{"line":38,"column":5}},"14":{"start":{"line":35,"column":6},"end":{"line":35,"column":41}},"15":{"start":{"line":37,"column":6},"end":{"line":37,"column":68}},"16":{"start":{"line":39,"column":4},"end":{"line":40,"column":54}},"17":{"start":{"line":42,"column":4},"end":{"line":42,"column":77}},"18":{"start":{"line":49,"column":8},"end":{"line":49,"column":19}},"19":{"start":{"line":50,"column":24},"end":{"line":52,"column":5}},"20":{"start":{"line":51,"column":31},"end":{"line":51,"column":51}},"21":{"start":{"line":54,"column":4},"end":{"line":57,"column":5}},"22":{"start":{"line":55,"column":6},"end":{"line":55,"column":59}},"23":{"start":{"line":56,"column":6},"end":{"line":56,"column":19}},"24":{"start":{"line":59,"column":4},"end":{"line":62,"column":5}},"25":{"start":{"line":60,"column":6},"end":{"line":60,"column":59}},"26":{"start":{"line":61,"column":6},"end":{"line":61,"column":19}},"27":{"start":{"line":64,"column":4},"end":{"line":64,"column":16}},"28":{"start":{"line":68,"column":4},"end":{"line":71,"column":6}},"29":{"start":{"line":75,"column":0},"end":{"line":75,"column":29}}},"fnMap":{"0":{"name":"(anonymous_0)","decl":{"start":{"line":6,"column":2},"end":{"line":6,"column":3}},"loc":{"start":{"line":6,"column":69},"end":{"line":10,"column":3}},"line":6},"1":{"name":"(anonymous_1)","decl":{"start":{"line":12,"column":2},"end":{"line":12,"column":3}},"loc":{"start":{"line":12,"column":55},"end":{"line":19,"column":3}},"line":12},"2":{"name":"(anonymous_2)","decl":{"start":{"line":21,"column":2},"end":{"line":21,"column":3}},"loc":{"start":{"line":21,"column":43},"end":{"line":28,"column":3}},"line":21},"3":{"name":"(anonymous_3)","decl":{"start":{"line":30,"column":2},"end":{"line":30,"column":3}},"loc":{"start":{"line":30,"column":46},"end":{"line":43,"column":3}},"line":30},"4":{"name":"(anonymous_4)","decl":{"start":{"line":45,"column":2},"end":{"line":45,"column":3}},"loc":{"start":{"line":45,"column":39},"end":{"line":65,"column":3}},"line":45},"5":{"name":"(anonymous_5)","decl":{"start":{"line":51,"column":6},"end":{"line":51,"column":7}},"loc":{"start":{"line":51,"column":31},"end":{"line":51,"column":51}},"line":51},"6":{"name":"(anonymous_6)","decl":{"start":{"line":67,"column":2},"end":{"line":67,"column":3}},"loc":{"start":{"line":67,"column":41},"end":{"line":72,"column":3}},"line":67}},"branchMap":{"0":{"loc":{"start":{"line":8,"column":21},"end":{"line":8,"column":91}},"type":"binary-expr","locations":[{"start":{"line":8,"column":21},"end":{"line":8,"column":30}},{"start":{"line":8,"column":34},"end":{"line":8,"column":91}}],"line":8},"1":{"loc":{"start":{"line":9,"column":17},"end":{"line":9,"column":87}},"type":"binary-expr","locations":[{"start":{"line":9,"column":17},"end":{"line":9,"column":22}},{"start":{"line":9,"column":26},"end":{"line":9,"column":87}}],"line":9},"2":{"loc":{"start":{"line":31,"column":4},"end":{"line":33,"column":5}},"type":"if","locations":[{"start":{"line":31,"column":4},"end":{"line":33,"column":5}},{"start":{},"end":{}}],"line":31},"3":{"loc":{"start":{"line":34,"column":4},"end":{"line":38,"column":5}},"type":"if","locations":[{"start":{"line":34,"column":4},"end":{"line":38,"column":5}},{"start":{"line":36,"column":9},"end":{"line":38,"column":5}}],"line":34},"4":{"loc":{"start":{"line":54,"column":4},"end":{"line":57,"column":5}},"type":"if","locations":[{"start":{"line":54,"column":4},"end":{"line":57,"column":5}},{"start":{},"end":{}}],"line":54},"5":{"loc":{"start":{"line":59,"column":4},"end":{"line":62,"column":5}},"type":"if","locations":[{"start":{"line":59,"column":4},"end":{"line":62,"column":5}},{"start":{},"end":{}}],"line":59}},"s":{"0":4,"1":4,"2":4,"3":82,"4":82,"5":82,"6":73,"7":73,"8":73,"9":73,"10":81,"11":9,"12":1,"13":8,"14":6,"15":2,"16":8,"17":8,"18":30,"19":30,"20":30,"21":30,"22":10,"23":10,"24":20,"25":7,"26":7,"27":13,"28":9,"29":4},"f":{"0":82,"1":73,"2":81,"3":9,"4":30,"5":30,"6":9},"b":{"0":[82,73],"1":[82,73],"2":[1,8],"3":[6,2],"4":[10,20],"5":[7,13]},"_coverageSchema":"1a1c01bbd47fc00a2c39e90264f33305004495a9","hash":"04212ff2a5941bae147c2b07e704d0860d79c7c9"}
}
